2025-05-23 01:08:21,164 INFO: yt-dlp Web UI startup [in /app/web_server.py:302]
2025-05-23 01:08:21,997 INFO: yt-dlp Web UI startup [in /app/web_server.py:302]
2025-05-23 10:34:56,926 INFO: yt-dlp Web UI startup [in /Users/zouguojun/Workspace/yt-dlp-webui/web_server.py:315]
2025-05-23 10:35:22,875 INFO: yt-dlp Web UI startup [in /Users/zouguojun/Workspace/yt-dlp-webui/web_server.py:317]
2025-05-23 10:35:23,163 INFO: yt-dlp Web UI startup [in /Users/zouguojun/Workspace/yt-dlp-webui/web_server.py:317]
2025-05-23 10:36:49,300 INFO: Fetching video info for URL: https://www.youtube.com/watch?v=nZCVhG3vQps [in /Users/zouguojun/Workspace/yt-dlp-webui/web_server.py:45]
2025-05-23 10:38:26,468 INFO: yt-dlp Web UI startup [in /Users/zouguojun/Workspace/yt-dlp-webui/web_server.py:317]
2025-05-23 10:38:47,521 INFO: yt-dlp Web UI startup [in /Users/zouguojun/Workspace/yt-dlp-webui/web_server.py:317]
2025-05-23 10:38:47,753 INFO: yt-dlp Web UI startup [in /Users/zouguojun/Workspace/yt-dlp-webui/web_server.py:317]
2025-05-23 10:39:19,035 INFO: Fetching video info for URL: https://www.youtube.com/watch?v=nZCVhG3vQps [in /Users/zouguojun/Workspace/yt-dlp-webui/web_server.py:45]
2025-05-23 10:39:23,054 ERROR: DownloadError for URL https://www.youtube.com/watch?v=nZCVhG3vQps: ERROR: [youtube] nZCVhG3vQps: Failed to extract any player response; please report this issue on  https://github.com/yt-dlp/yt-dlp/issues?q= , filling out the appropriate issue template. Confirm you are on the latest version using  yt-dlp -U [in /Users/zouguojun/Workspace/yt-dlp-webui/web_server.py:137]
2025-05-23 10:40:06,029 INFO: yt-dlp Web UI startup [in /Users/zouguojun/Workspace/yt-dlp-webui/web_server.py:320]
2025-05-23 10:40:23,619 INFO: yt-dlp Web UI startup [in /Users/zouguojun/Workspace/yt-dlp-webui/web_server.py:330]
2025-05-23 10:40:47,058 INFO: yt-dlp Web UI startup [in /Users/zouguojun/Workspace/yt-dlp-webui/web_server.py:330]
2025-05-23 10:40:47,323 INFO: yt-dlp Web UI startup [in /Users/zouguojun/Workspace/yt-dlp-webui/web_server.py:330]
2025-05-23 10:46:11,233 INFO: Fetching video info for URL: https://www.youtube.com/watch?v=nZCVhG3vQps [in /Users/zouguojun/Workspace/yt-dlp-webui/web_server.py:45]
2025-05-23 10:46:13,819 ERROR: DownloadError for URL https://www.youtube.com/watch?v=nZCVhG3vQps: ERROR: [youtube] nZCVhG3vQps: Sign in to confirm you’re not a bot. Use --cookies-from-browser or --cookies for the authentication. See  https://github.com/yt-dlp/yt-dlp/wiki/FAQ#how-do-i-pass-cookies-to-yt-dlp  for how to manually pass cookies. Also see  https://github.com/yt-dlp/yt-dlp/wiki/Extractors#exporting-youtube-cookies  for tips on effectively exporting YouTube cookies [in /Users/zouguojun/Workspace/yt-dlp-webui/web_server.py:150]
2025-05-23 10:47:17,295 INFO: Fetching video info for URL: https://x.com/igeekbb/status/1925495620191887365 [in /Users/zouguojun/Workspace/yt-dlp-webui/web_server.py:45]
2025-05-23 10:48:28,488 INFO: Fetching video info for URL: https://www.bilibili.com/video/BV1uyLDzJE1f/?vd_source=a63986ee7b23c7bc154415685137f3e5 [in /Users/zouguojun/Workspace/yt-dlp-webui/web_server.py:45]
2025-05-23 11:00:54,452 INFO: yt-dlp Web UI startup [in /Users/zouguojun/Workspace/yt-dlp-webui/web_server.py:339]
2025-05-23 11:01:06,904 INFO: yt-dlp Web UI startup [in /Users/zouguojun/Workspace/yt-dlp-webui/web_server.py:343]
2025-05-23 11:01:24,329 INFO: yt-dlp Web UI startup [in /Users/zouguojun/Workspace/yt-dlp-webui/web_server.py:346]
2025-05-23 11:01:42,790 INFO: yt-dlp Web UI startup [in /Users/zouguojun/Workspace/yt-dlp-webui/web_server.py:352]
2025-05-23 11:09:33,898 INFO: yt-dlp Web UI startup [in /Users/zouguojun/Workspace/yt-dlp-webui/web_server.py:352]
2025-05-23 11:09:34,146 INFO: yt-dlp Web UI startup [in /Users/zouguojun/Workspace/yt-dlp-webui/web_server.py:352]
2025-05-23 11:10:19,579 INFO: Fetching video info for URL: https://www.bilibili.com/video/BV1sQNbebEPA?vd_source=a63986ee7b23c7bc154415685137f3e5&spm_id_from=333.788.videopod.sections [in /Users/zouguojun/Workspace/yt-dlp-webui/web_server.py:58]
2025-05-23 11:31:55,482 INFO: yt-dlp Web UI startup [in /Users/zouguojun/Workspace/yt-dlp-webui/web_server.py:352]
2025-05-23 11:31:55,826 INFO: yt-dlp Web UI startup [in /Users/zouguojun/Workspace/yt-dlp-webui/web_server.py:352]
2025-05-23 11:33:34,488 INFO: Fetching video info for URL: https://www.bilibili.com/video/BV1sQNbebEPA?vd_source=a63986ee7b23c7bc154415685137f3e5&spm_id_from=333.788.videopod.sections [in /Users/zouguojun/Workspace/yt-dlp-webui/web_server.py:58]
2025-05-23 12:07:26,586 INFO: Fetching video info for URL: https://x.com/mubei7777777/status/1925618241705013728 [in /Users/zouguojun/Workspace/yt-dlp-webui/web_server.py:58]
2025-05-23 12:12:48,920 INFO: Fetching video info for URL: https://x.com/mubei7777777/status/1925618241705013728 [in /Users/zouguojun/Workspace/yt-dlp-webui/web_server.py:58]
2025-05-23 12:15:01,810 INFO: Fetching video info for URL: https://x.com/mubei7777777/status/1925618241705013728 [in /Users/zouguojun/Workspace/yt-dlp-webui/web_server.py:58]
